<?xml version="1.0" encoding="UTF-8"?>
<testng-results skipped="0" failed="0" total="1" passed="1">
  <reporter-output>
  </reporter-output>
  <suite name="Aug1batch" duration-ms="50329" started-at="2017-09-02T01:39:44Z" finished-at="2017-09-02T01:40:35Z">
    <groups>
      <group name="smoke">
        <method signature="Scenario_Cart.testAddCart(java.util.Map)[pri:0, instance:Scenario_Component.Scenario_Cart@7b69c6ba]" name="testAddCart" class="Scenario_Component.Scenario_Cart"/>
        <method signature="Scenario_Search.testInvalidSearch(java.util.Map)[pri:0, instance:Scenario_Component.Scenario_Search@1500955a]" name="testInvalidSearch" class="Scenario_Component.Scenario_Search"/>
      </group> <!-- smoke -->
    </groups>
    <test name="Set1" duration-ms="50329" started-at="2017-09-02T01:39:44Z" finished-at="2017-09-02T01:40:35Z">
      <class name="Scenario_Component.Scenario_Search">
        <test-method status="PASS" signature="testInvalidSearch(java.util.Map)[pri:0, instance:Scenario_Component.Scenario_Search@1500955a]" name="testInvalidSearch" duration-ms="49970" started-at="2017-09-02T07:09:45Z" data-provider="dp_InvalidSeach" finished-at="2017-09-02T07:10:35Z">
          <params>
            <param index="0">
              <value>
                <![CDATA[{Execute_Flag=Y, TC_ID=GB_01, Script_name=Invalid_Search, Search_Item=###, Exp_Result=Sorry! There are no products to display., Order_Set=1.0}]]>
              </value>
            </param>
          </params>
          <reporter-output>
          </reporter-output>
        </test-method> <!-- testInvalidSearch -->
      </class> <!-- Scenario_Component.Scenario_Search -->
    </test> <!-- Set1 -->
  </suite> <!-- Aug1batch -->
</testng-results>
